<?xml version="1.0" encoding="UTF-8"?>
<testng-results ignored="0" total="2" passed="2" failed="0" skipped="0">
  <reporter-output>
  </reporter-output>
  <suite started-at="2022-09-18T16:52:44 IST" name="Default suite" finished-at="2022-09-18T16:52:48 IST" duration-ms="4785">
    <groups>
    </groups>
    <test started-at="2022-09-18T16:52:44 IST" name="Default test" finished-at="2022-09-18T16:52:48 IST" duration-ms="4785">
      <class name="seleexamples.seleniumsec">
        <test-method is-config="true" signature="bs()[pri:0, instance:seleexamples.seleniumsec@1b6e1eff]" started-at="2022-09-18T16:52:42 IST" name="bs" finished-at="2022-09-18T16:52:44 IST" duration-ms="1984" status="PASS">
          <reporter-output>
          </reporter-output>
        </test-method> <!-- bs -->
        <test-method signature="method1()[pri:0, instance:seleexamples.seleniumsec@1b6e1eff]" started-at="2022-09-18T16:52:44 IST" name="method1" finished-at="2022-09-18T16:52:46 IST" duration-ms="2543" status="PASS">
          <reporter-output>
          </reporter-output>
        </test-method> <!-- method1 -->
        <test-method signature="method2()[pri:0, instance:seleexamples.seleniumsec@1b6e1eff]" started-at="2022-09-18T16:52:46 IST" name="method2" finished-at="2022-09-18T16:52:48 IST" duration-ms="2208" status="PASS">
          <reporter-output>
          </reporter-output>
        </test-method> <!-- method2 -->
        <test-method is-config="true" signature="as()[pri:0, instance:seleexamples.seleniumsec@1b6e1eff]" started-at="2022-09-18T16:52:48 IST" name="as" finished-at="2022-09-18T16:52:49 IST" duration-ms="665" status="PASS">
          <reporter-output>
          </reporter-output>
        </test-method> <!-- as -->
      </class> <!-- seleexamples.seleniumsec -->
    </test> <!-- Default test -->
  </suite> <!-- Default suite -->
</testng-results>
